  func.cpp
c:\codesoguzhan\projectx\projectx\header.h(4): error C2065: 'node': undeclared identifier
c:\codesoguzhan\projectx\projectx\header.h(4): error C2065: 'front': undeclared identifier
c:\codesoguzhan\projectx\projectx\header.h(4): error C2275: 'T': illegal use of this type as an expression
  c:\codesoguzhan\projectx\projectx\header.h(4): note: see declaration of 'T'
c:\codesoguzhan\projectx\projectx\header.h(4): error C2146: syntax error: missing ')' before identifier 'item'
c:\codesoguzhan\projectx\projectx\header.h(6): error C2065: 'node': undeclared identifier
c:\codesoguzhan\projectx\projectx\header.h(6): error C2065: 'front': undeclared identifier
c:\codesoguzhan\projectx\projectx\header.h(6): error C2988: unrecognizable template declaration/definition
c:\codesoguzhan\projectx\projectx\header.h(6): error C2059: syntax error: 'const'
c:\codesoguzhan\projectx\projectx\header.h(8): error C2065: 'node': undeclared identifier
c:\codesoguzhan\projectx\projectx\header.h(8): error C2065: 'front': undeclared identifier
c:\codesoguzhan\projectx\projectx\header.h(8): error C2182: 'writelist': illegal use of type 'void'
c:\codesoguzhan\projectx\projectx\header.h(8): error C3861: 'node': identifier not found
c:\codesoguzhan\projectx\projectx\header.h(8): error C3861: 'front': identifier not found
c:\codesoguzhan\projectx\projectx\header.h(10): error C2065: 'node': undeclared identifier
c:\codesoguzhan\projectx\projectx\header.h(10): error C2065: 'front': undeclared identifier
c:\codesoguzhan\projectx\projectx\header.h(10): error C3861: 'node': identifier not found
c:\codesoguzhan\projectx\projectx\header.h(10): error C3861: 'front': identifier not found
c:\codesoguzhan\projectx\projectx\header.h(12): error C2065: 'node': undeclared identifier
c:\codesoguzhan\projectx\projectx\header.h(12): error C2065: 'front': undeclared identifier
c:\codesoguzhan\projectx\projectx\header.h(12): error C2988: unrecognizable template declaration/definition
c:\codesoguzhan\projectx\projectx\header.h(12): error C2059: syntax error: 'const'
c:\codesoguzhan\projectx\projectx\func.cpp(6): error C2065: 'node': undeclared identifier
c:\codesoguzhan\projectx\projectx\func.cpp(6): error C2065: 'front': undeclared identifier
c:\codesoguzhan\projectx\projectx\func.cpp(6): error C2275: 'T': illegal use of this type as an expression
  c:\codesoguzhan\projectx\projectx\func.cpp(5): note: see declaration of 'T'
c:\codesoguzhan\projectx\projectx\func.cpp(6): error C2146: syntax error: missing ')' before identifier 'item'
c:\codesoguzhan\projectx\projectx\func.cpp(6): error C2143: syntax error: missing ';' before '{'
c:\codesoguzhan\projectx\projectx\func.cpp(6): error C2447: '{': missing function header (old-style formal list?)
c:\codesoguzhan\projectx\projectx\func.cpp(23): error C2065: 'node': undeclared identifier
c:\codesoguzhan\projectx\projectx\func.cpp(23): error C2065: 'front': undeclared identifier
c:\codesoguzhan\projectx\projectx\func.cpp(23): error C2988: unrecognizable template declaration/definition
c:\codesoguzhan\projectx\projectx\func.cpp(23): error C2059: syntax error: 'const'
c:\codesoguzhan\projectx\projectx\func.cpp(23): error C2143: syntax error: missing ';' before '{'
c:\codesoguzhan\projectx\projectx\func.cpp(23): error C2447: '{': missing function header (old-style formal list?)
c:\codesoguzhan\projectx\projectx\func.cpp(46): error C2065: 'node': undeclared identifier
c:\codesoguzhan\projectx\projectx\func.cpp(46): error C2065: 'front': undeclared identifier
c:\codesoguzhan\projectx\projectx\func.cpp(46): error C2182: 'writelist': illegal use of type 'void'
c:\codesoguzhan\projectx\projectx\func.cpp(46): error C2374: 'writelist': redefinition; multiple initialization
  c:\codesoguzhan\projectx\projectx\header.h(8): note: see declaration of 'writelist'
c:\codesoguzhan\projectx\projectx\func.cpp(46): error C3861: 'node': identifier not found
c:\codesoguzhan\projectx\projectx\func.cpp(46): error C3861: 'front': identifier not found
c:\codesoguzhan\projectx\projectx\func.cpp(46): error C2447: '{': missing function header (old-style formal list?)
c:\codesoguzhan\projectx\projectx\func.cpp(58): error C2065: 'node': undeclared identifier
c:\codesoguzhan\projectx\projectx\func.cpp(58): error C2065: 'front': undeclared identifier
c:\codesoguzhan\projectx\projectx\func.cpp(58): error C2374: 'length': redefinition; multiple initialization
  c:\codesoguzhan\projectx\projectx\header.h(10): note: see declaration of 'length'
c:\codesoguzhan\projectx\projectx\func.cpp(58): error C3861: 'node': identifier not found
c:\codesoguzhan\projectx\projectx\func.cpp(58): error C3861: 'front': identifier not found
c:\codesoguzhan\projectx\projectx\func.cpp(58): error C2447: '{': missing function header (old-style formal list?)
c:\codesoguzhan\projectx\projectx\func.cpp(67): error C2065: 'node': undeclared identifier
c:\codesoguzhan\projectx\projectx\func.cpp(67): error C2065: 'front': undeclared identifier
c:\codesoguzhan\projectx\projectx\func.cpp(67): error C2988: unrecognizable template declaration/definition
c:\codesoguzhan\projectx\projectx\func.cpp(67): error C2059: syntax error: 'const'
c:\codesoguzhan\projectx\projectx\func.cpp(67): error C2143: syntax error: missing ';' before '{'
c:\codesoguzhan\projectx\projectx\func.cpp(67): error C2447: '{': missing function header (old-style formal list?)
  Source.cpp
c:\codesoguzhan\projectx\projectx\header.h(4): error C2065: 'node': undeclared identifier
c:\codesoguzhan\projectx\projectx\header.h(4): error C2065: 'front': undeclared identifier
c:\codesoguzhan\projectx\projectx\header.h(4): error C2275: 'T': illegal use of this type as an expression
  c:\codesoguzhan\projectx\projectx\header.h(4): note: see declaration of 'T'
c:\codesoguzhan\projectx\projectx\header.h(4): error C2146: syntax error: missing ')' before identifier 'item'
c:\codesoguzhan\projectx\projectx\header.h(6): error C2065: 'node': undeclared identifier
c:\codesoguzhan\projectx\projectx\header.h(6): error C2065: 'front': undeclared identifier
c:\codesoguzhan\projectx\projectx\header.h(6): error C2988: unrecognizable template declaration/definition
c:\codesoguzhan\projectx\projectx\header.h(6): error C2059: syntax error: 'const'
c:\codesoguzhan\projectx\projectx\header.h(8): error C2065: 'node': undeclared identifier
c:\codesoguzhan\projectx\projectx\header.h(8): error C2065: 'front': undeclared identifier
c:\codesoguzhan\projectx\projectx\header.h(8): error C2182: 'writelist': illegal use of type 'void'
c:\codesoguzhan\projectx\projectx\header.h(8): error C3861: 'node': identifier not found
c:\codesoguzhan\projectx\projectx\header.h(8): error C3861: 'front': identifier not found
c:\codesoguzhan\projectx\projectx\header.h(10): error C2065: 'node': undeclared identifier
c:\codesoguzhan\projectx\projectx\header.h(10): error C2065: 'front': undeclared identifier
c:\codesoguzhan\projectx\projectx\header.h(10): error C3861: 'node': identifier not found
c:\codesoguzhan\projectx\projectx\header.h(10): error C3861: 'front': identifier not found
c:\codesoguzhan\projectx\projectx\header.h(12): error C2065: 'node': undeclared identifier
c:\codesoguzhan\projectx\projectx\header.h(12): error C2065: 'front': undeclared identifier
c:\codesoguzhan\projectx\projectx\header.h(12): error C2988: unrecognizable template declaration/definition
c:\codesoguzhan\projectx\projectx\header.h(12): error C2059: syntax error: 'const'
c:\codesoguzhan\projectx\projectx\source.cpp(14): error C2065: 'p': undeclared identifier
c:\codesoguzhan\projectx\projectx\source.cpp(15): error C2065: 'p': undeclared identifier
c:\codesoguzhan\projectx\projectx\source.cpp(28): error C2065: 'choice': undeclared identifier
c:\codesoguzhan\projectx\projectx\source.cpp(29): error C2065: 'choice': undeclared identifier
c:\codesoguzhan\projectx\projectx\source.cpp(29): error C2050: switch expression not integral
c:\codesoguzhan\projectx\projectx\source.cpp(32): error C2065: 'num': undeclared identifier
c:\codesoguzhan\projectx\projectx\source.cpp(33): error C2065: 'p': undeclared identifier
c:\codesoguzhan\projectx\projectx\source.cpp(33): error C2065: 'num': undeclared identifier
c:\codesoguzhan\projectx\projectx\source.cpp(33): error C3861: 'append': identifier not found
c:\codesoguzhan\projectx\projectx\source.cpp(37): error C2065: 'num': undeclared identifier
c:\codesoguzhan\projectx\projectx\source.cpp(38): error C2065: 'p': undeclared identifier
c:\codesoguzhan\projectx\projectx\source.cpp(38): error C2065: 'num': undeclared identifier
c:\codesoguzhan\projectx\projectx\source.cpp(38): error C3861: 'erase': identifier not found
c:\codesoguzhan\projectx\projectx\source.cpp(42): error C2065: 'num': undeclared identifier
c:\codesoguzhan\projectx\projectx\source.cpp(43): error C2065: 'p': undeclared identifier
c:\codesoguzhan\projectx\projectx\source.cpp(43): error C2065: 'num': undeclared identifier
c:\codesoguzhan\projectx\projectx\source.cpp(43): error C3861: 'deletemore': identifier not found
c:\codesoguzhan\projectx\projectx\source.cpp(46): error C3245: 'length': use of a variable template requires template argument list
  c:\codesoguzhan\projectx\projectx\header.h(10): note: see declaration of 'length'
c:\codesoguzhan\projectx\projectx\source.cpp(46): error C2065: 'p': undeclared identifier
c:\codesoguzhan\projectx\projectx\source.cpp(49): error C3245: 'writelist': use of a variable template requires template argument list
  c:\codesoguzhan\projectx\projectx\header.h(8): note: see declaration of 'writelist'
c:\codesoguzhan\projectx\projectx\source.cpp(49): error C2065: 'p': undeclared identifier
  Generating Code...
